<?xml version="1.0" encoding="UTF-8"?>
<!-- Generated by org.testng.reporters.JUnitReportReporter -->
<testsuite hostname="DESKTOP-TQ2860U" name="visionIt.Hrmmanagement.Testcases.AddUser_TC" tests="2" failures="0" timestamp="16 Apr 2021 11:18:19 GMT" time="58.642" errors="0">
  <testcase name="addNewUseTestr" time="29.915" classname="visionIt.Hrmmanagement.Testcases.AddUser_TC"/>
  <testcase name="addNewUseTestr" time="28.727" classname="visionIt.Hrmmanagement.Testcases.AddUser_TC"/>
</testsuite> <!-- visionIt.Hrmmanagement.Testcases.AddUser_TC -->
