<?xml version="1.0" encoding="UTF-8"?>
<!-- Generated by org.testng.reporters.JUnitReportReporter -->
<testsuite hostname="DESKTOP-TQ2860U" name="visionIt.Hrmmanagement.Testcases.DataProvider_TC_005" tests="4" failures="0" timestamp="15 Apr 2021 08:37:13 GMT" time="88.983" errors="0">
  <testcase name="loginDataDriven_TC_005" time="23.487" classname="visionIt.Hrmmanagement.Testcases.DataProvider_TC_005"/>
  <testcase name="loginDataDriven_TC_005" time="22.013" classname="visionIt.Hrmmanagement.Testcases.DataProvider_TC_005"/>
  <testcase name="loginDataDriven_TC_005" time="24.095" classname="visionIt.Hrmmanagement.Testcases.DataProvider_TC_005"/>
  <testcase name="loginDataDriven_TC_005" time="19.388" classname="visionIt.Hrmmanagement.Testcases.DataProvider_TC_005"/>
</testsuite> <!-- visionIt.Hrmmanagement.Testcases.DataProvider_TC_005 -->
