<?xml version="1.0" encoding="UTF-8"?>
<!-- Generated by org.testng.reporters.JUnitReportReporter -->
<testsuite hostname="DESKTOP-TQ2860U" name="visionIt.Hrmmanagement.Testcases.config_TC_003" tests="1" failures="0" timestamp="14 Apr 2021 16:39:13 GMT" time="18.062" errors="0">
  <testcase name="loginTest" time="18.062" classname="visionIt.Hrmmanagement.Testcases.config_TC_003"/>
</testsuite> <!-- visionIt.Hrmmanagement.Testcases.config_TC_003 -->
