<?xml version="1.0" encoding="UTF-8"?>
<!-- Generated by org.testng.reporters.JUnitReportReporter -->
<testsuite hostname="DESKTOP-TQ2860U" name="visionIt.Hrmmanagement.Testcases.Login_TC_001" tests="1" failures="0" timestamp="14 Apr 2021 09:39:03 GMT" time="37.745" errors="0">
  <testcase name="loghinOrangeHrm" time="37.745" classname="visionIt.Hrmmanagement.Testcases.Login_TC_001"/>
</testsuite> <!-- visionIt.Hrmmanagement.Testcases.Login_TC_001 -->
